Determining if the pthread_create exist failed with the following output:
Change Dir: /home/abdo/captstone/capstone_rosws/build/CMakeFiles/CMakeTmp

Run Build Command:"/usr/bin/make" "cmTC_92ab7/fast"
/usr/bin/make -f CMakeFiles/cmTC_92ab7.dir/build.make CMakeFiles/cmTC_92ab7.dir/build
make[1]: Entering directory '/home/abdo/captstone/capstone_rosws/build/CMakeFiles/CMakeTmp'
Building C object CMakeFiles/cmTC_92ab7.dir/CheckSymbolExists.c.o
/usr/bin/cc     -o CMakeFiles/cmTC_92ab7.dir/CheckSymbolExists.c.o   -c /home/abdo/captstone/capstone_rosws/build/CMakeFiles/CMakeTmp/CheckSymbolExists.c
Linking C executable cmTC_92ab7
/usr/bin/cmake -E cmake_link_script CMakeFiles/cmTC_92ab7.dir/link.txt --verbose=1
/usr/bin/cc       CMakeFiles/cmTC_92ab7.dir/CheckSymbolExists.c.o  -o cmTC_92ab7 -rdynamic 
CMakeFiles/cmTC_92ab7.dir/CheckSymbolExists.c.o: In function `main':
CheckSymbolExists.c:(.text+0x16): undefined reference to `pthread_create'
collect2: error: ld returned 1 exit status
CMakeFiles/cmTC_92ab7.dir/build.make:97: recipe for target 'cmTC_92ab7' failed
make[1]: *** [cmTC_92ab7] Error 1
make[1]: Leaving directory '/home/abdo/captstone/capstone_rosws/build/CMakeFiles/CMakeTmp'
Makefile:126: recipe for target 'cmTC_92ab7/fast' failed
make: *** [cmTC_92ab7/fast] Error 2

File /home/abdo/captstone/capstone_rosws/build/CMakeFiles/CMakeTmp/CheckSymbolExists.c:
/* */
#include <pthread.h>

int main(int argc, char** argv)
{
  (void)argv;
#ifndef pthread_create
  return ((int*)(&pthread_create))[argc];
#else
  (void)argc;
  return 0;
#endif
}

Determining if the function pthread_create exists in the pthreads failed with the following output:
Change Dir: /home/abdo/captstone/capstone_rosws/build/CMakeFiles/CMakeTmp

Run Build Command:"/usr/bin/make" "cmTC_cf99f/fast"
/usr/bin/make -f CMakeFiles/cmTC_cf99f.dir/build.make CMakeFiles/cmTC_cf99f.dir/build
make[1]: Entering directory '/home/abdo/captstone/capstone_rosws/build/CMakeFiles/CMakeTmp'
Building C object CMakeFiles/cmTC_cf99f.dir/CheckFunctionExists.c.o
/usr/bin/cc    -DCHECK_FUNCTION_EXISTS=pthread_create   -o CMakeFiles/cmTC_cf99f.dir/CheckFunctionExists.c.o   -c /usr/share/cmake-3.5/Modules/CheckFunctionExists.c
Linking C executable cmTC_cf99f
/usr/bin/cmake -E cmake_link_script CMakeFiles/cmTC_cf99f.dir/link.txt --verbose=1
/usr/bin/cc   -DCHECK_FUNCTION_EXISTS=pthread_create    CMakeFiles/cmTC_cf99f.dir/CheckFunctionExists.c.o  -o cmTC_cf99f -rdynamic -lpthreads 
/usr/bin/ld: cannot find -lpthreads
collect2: error: ld returned 1 exit status
CMakeFiles/cmTC_cf99f.dir/build.make:97: recipe for target 'cmTC_cf99f' failed
make[1]: *** [cmTC_cf99f] Error 1
make[1]: Leaving directory '/home/abdo/captstone/capstone_rosws/build/CMakeFiles/CMakeTmp'
Makefile:126: recipe for target 'cmTC_cf99f/fast' failed
make: *** [cmTC_cf99f/fast] Error 2


